 command line:
   ./ask_demodulator_tb_isim_beh.exe
     -intstyle  ise
     -ipchost  localhost
     -ipcport  62844

Sun May 19 12:58:17 2024

Total Line Count = 745

 Elaboration time 0 sec.

 Estimate current memory usage 74.9199 Meg. 

 Total signals 8
 Total nets 5
 Total signal drivers 5
 Total blocks 7
 Total primitive blocks 1
 Total processes 3
ntrace select -o on -n /ask_demodulator_tb/clk 
ntrace select -o on -n /ask_demodulator_tb/modulated_in 
ntrace select -o on -n /ask_demodulator_tb/demodulated_out 
ntrace start 
run all 
Simulator is doing circuit initialization process.
Finished circuit initialization process.
